[main] INFO  org.springframework.web.servlet.DispatcherServlet  - Initializing Servlet 'dispatcher'
[main] INFO  org.springframework.context.support.PostProcessorRegistrationDelegate$BeanPostProcessorChecker  - Bean 'myWebMVCConfig' of type [org.cap.config.MyWebMVCConfig$$EnhancerBySpringCGLIB$$88d892bd] is not eligible for getting processed by all BeanPostProcessors (for example: not eligible for auto-proxying)
[MLog-Init-Reporter] INFO  com.mchange.v2.log.MLog  - MLog clients using slf4j logging.
[main] INFO  com.mchange.v2.c3p0.C3P0Registry  - Initializing c3p0-0.9.5.2 [built 08-December-2015 22:06:04 -0800; debug? true; trace: 10]
[main] INFO  org.hibernate.jpa.internal.util.LogHelper  - HHH000204: Processing PersistenceUnitInfo [
	name: default
	...]
[main] INFO  org.hibernate.Version  - HHH000412: Hibernate Core {5.3.10.Final}
[main] INFO  org.hibernate.cfg.Environment  - HHH000206: hibernate.properties not found
[main] INFO  org.hibernate.annotations.common.Version  - HCANN000001: Hibernate Commons Annotations {5.0.4.Final}
[main] INFO  com.mchange.v2.c3p0.impl.AbstractPoolBackedDataSource  - Initializing c3p0 pool... com.mchange.v2.c3p0.ComboPooledDataSource [ acquireIncrement -> 3, acquireRetryAttempts -> 30, acquireRetryDelay -> 1000, autoCommitOnClose -> false, automaticTestTable -> null, breakAfterAcquireFailure -> false, checkoutTimeout -> 0, connectionCustomizerClassName -> null, connectionTesterClassName -> com.mchange.v2.c3p0.impl.DefaultConnectionTester, contextClassLoaderSource -> caller, dataSourceName -> 1hge9jia9vofxty13e7r0z|29f3185c, debugUnreturnedConnectionStackTraces -> false, description -> null, driverClass -> oracle.jdbc.driver.OracleDriver, extensions -> {}, factoryClassLocation -> null, forceIgnoreUnresolvedTransactions -> false, forceSynchronousCheckins -> false, forceUseNamedDriverClass -> false, identityToken -> 1hge9jia9vofxty13e7r0z|29f3185c, idleConnectionTestPeriod -> 0, initialPoolSize -> 3, jdbcUrl -> jdbc:oracle:thin:@localhost:1521:xe, maxAdministrativeTaskTime -> 0, maxConnectionAge -> 0, maxIdleTime -> 0, maxIdleTimeExcessConnections -> 0, maxPoolSize -> 15, maxStatements -> 0, maxStatementsPerConnection -> 0, minPoolSize -> 3, numHelperThreads -> 3, preferredTestQuery -> null, privilegeSpawnedThreads -> false, properties -> {password=******, user=******}, propertyCycle -> 0, statementCacheNumDeferredCloseThreads -> 0, testConnectionOnCheckin -> false, testConnectionOnCheckout -> false, unreturnedConnectionTimeout -> 0, userOverrides -> {}, usesTraditionalReflectiveProxies -> false ]
[main] INFO  org.hibernate.dialect.Dialect  - HHH000400: Using dialect: org.hibernate.dialect.Oracle10gDialect
[main] INFO  org.hibernate.validator.internal.util.Version  - HV000001: Hibernate Validator 5.3.2.Final
[main] INFO  org.springframework.orm.jpa.LocalContainerEntityManagerFactoryBean  - Initialized JPA EntityManagerFactory for persistence unit 'default'
[main] INFO  org.springframework.web.servlet.DispatcherServlet  - Completed initialization in 8933 ms
[qtp190967225-17] INFO  org.cap.controller.HelloController  - inside hello
[qtp190967225-20] WARN  org.springframework.web.servlet.PageNotFound  - No mapping for GET /favicon.ico
[main] INFO  org.springframework.web.servlet.DispatcherServlet  - Initializing Servlet 'dispatcher'
[main] INFO  org.springframework.context.support.PostProcessorRegistrationDelegate$BeanPostProcessorChecker  - Bean 'myWebMVCConfig' of type [org.capg.config.MyWebMVCConfig$$EnhancerBySpringCGLIB$$ae7dad34] is not eligible for getting processed by all BeanPostProcessors (for example: not eligible for auto-proxying)
[MLog-Init-Reporter] INFO  com.mchange.v2.log.MLog  - MLog clients using slf4j logging.
[main] INFO  com.mchange.v2.c3p0.C3P0Registry  - Initializing c3p0-0.9.5.2 [built 08-December-2015 22:06:04 -0800; debug? true; trace: 10]
[main] INFO  org.hibernate.jpa.internal.util.LogHelper  - HHH000204: Processing PersistenceUnitInfo [
	name: default
	...]
[main] INFO  org.hibernate.Version  - HHH000412: Hibernate Core {5.3.10.Final}
[main] INFO  org.hibernate.cfg.Environment  - HHH000206: hibernate.properties not found
[main] INFO  org.hibernate.annotations.common.Version  - HCANN000001: Hibernate Commons Annotations {5.0.4.Final}
[main] INFO  com.mchange.v2.c3p0.impl.AbstractPoolBackedDataSource  - Initializing c3p0 pool... com.mchange.v2.c3p0.ComboPooledDataSource [ acquireIncrement -> 3, acquireRetryAttempts -> 30, acquireRetryDelay -> 1000, autoCommitOnClose -> false, automaticTestTable -> null, breakAfterAcquireFailure -> false, checkoutTimeout -> 0, connectionCustomizerClassName -> null, connectionTesterClassName -> com.mchange.v2.c3p0.impl.DefaultConnectionTester, contextClassLoaderSource -> caller, dataSourceName -> 1hge9jia9xlpx2wut5w9h|29f3185c, debugUnreturnedConnectionStackTraces -> false, description -> null, driverClass -> oracle.jdbc.driver.OracleDriver, extensions -> {}, factoryClassLocation -> null, forceIgnoreUnresolvedTransactions -> false, forceSynchronousCheckins -> false, forceUseNamedDriverClass -> false, identityToken -> 1hge9jia9xlpx2wut5w9h|29f3185c, idleConnectionTestPeriod -> 0, initialPoolSize -> 3, jdbcUrl -> jdbc:oracle:thin:@localhost:1521:xe, maxAdministrativeTaskTime -> 0, maxConnectionAge -> 0, maxIdleTime -> 0, maxIdleTimeExcessConnections -> 0, maxPoolSize -> 15, maxStatements -> 0, maxStatementsPerConnection -> 0, minPoolSize -> 3, numHelperThreads -> 3, preferredTestQuery -> null, privilegeSpawnedThreads -> false, properties -> {password=******, user=******}, propertyCycle -> 0, statementCacheNumDeferredCloseThreads -> 0, testConnectionOnCheckin -> false, testConnectionOnCheckout -> false, unreturnedConnectionTimeout -> 0, userOverrides -> {}, usesTraditionalReflectiveProxies -> false ]
[main] INFO  org.hibernate.dialect.Dialect  - HHH000400: Using dialect: org.hibernate.dialect.Oracle10gDialect
[main] INFO  org.hibernate.validator.internal.util.Version  - HV000001: Hibernate Validator 5.3.2.Final
[main] INFO  org.springframework.orm.jpa.LocalContainerEntityManagerFactoryBean  - Initialized JPA EntityManagerFactory for persistence unit 'default'
[main] INFO  org.springframework.web.servlet.DispatcherServlet  - Completed initialization in 5583 ms
[qtp190967225-18] WARN  org.springframework.web.servlet.PageNotFound  - No mapping for GET /favicon.ico
[PathWatcher@411e567e] INFO  org.springframework.orm.jpa.LocalContainerEntityManagerFactoryBean  - Closing JPA EntityManagerFactory for persistence unit 'default'
[PathWatcher@411e567e] INFO  org.springframework.web.servlet.DispatcherServlet  - Initializing Servlet 'dispatcher'
[PathWatcher@411e567e] INFO  org.springframework.context.support.PostProcessorRegistrationDelegate$BeanPostProcessorChecker  - Bean 'myWebMVCConfig' of type [org.capg.config.MyWebMVCConfig$$EnhancerBySpringCGLIB$$227885d3] is not eligible for getting processed by all BeanPostProcessors (for example: not eligible for auto-proxying)
[MLog-Init-Reporter] INFO  com.mchange.v2.log.MLog  - MLog clients using slf4j logging.
[PathWatcher@411e567e] INFO  com.mchange.v2.c3p0.C3P0Registry  - Initializing c3p0-0.9.5.2 [built 08-December-2015 22:06:04 -0800; debug? true; trace: 10]
[PathWatcher@411e567e] INFO  org.hibernate.jpa.internal.util.LogHelper  - HHH000204: Processing PersistenceUnitInfo [
	name: default
	...]
[PathWatcher@411e567e] INFO  org.hibernate.Version  - HHH000412: Hibernate Core {5.3.10.Final}
[PathWatcher@411e567e] INFO  org.hibernate.cfg.Environment  - HHH000206: hibernate.properties not found
[PathWatcher@411e567e] INFO  org.hibernate.annotations.common.Version  - HCANN000001: Hibernate Commons Annotations {5.0.4.Final}
[PathWatcher@411e567e] INFO  com.mchange.v2.c3p0.impl.AbstractPoolBackedDataSource  - Initializing c3p0 pool... com.mchange.v2.c3p0.ComboPooledDataSource [ acquireIncrement -> 3, acquireRetryAttempts -> 30, acquireRetryDelay -> 1000, autoCommitOnClose -> false, automaticTestTable -> null, breakAfterAcquireFailure -> false, checkoutTimeout -> 0, connectionCustomizerClassName -> null, connectionTesterClassName -> com.mchange.v2.c3p0.impl.DefaultConnectionTester, contextClassLoaderSource -> caller, dataSourceName -> 1hge9jia9xlsxvy1qe2ckr|6643966e, debugUnreturnedConnectionStackTraces -> false, description -> null, driverClass -> oracle.jdbc.driver.OracleDriver, extensions -> {}, factoryClassLocation -> null, forceIgnoreUnresolvedTransactions -> false, forceSynchronousCheckins -> false, forceUseNamedDriverClass -> false, identityToken -> 1hge9jia9xlsxvy1qe2ckr|6643966e, idleConnectionTestPeriod -> 0, initialPoolSize -> 3, jdbcUrl -> jdbc:oracle:thin:@localhost:1521:xe, maxAdministrativeTaskTime -> 0, maxConnectionAge -> 0, maxIdleTime -> 0, maxIdleTimeExcessConnections -> 0, maxPoolSize -> 15, maxStatements -> 0, maxStatementsPerConnection -> 0, minPoolSize -> 3, numHelperThreads -> 3, preferredTestQuery -> null, privilegeSpawnedThreads -> false, properties -> {password=******, user=******}, propertyCycle -> 0, statementCacheNumDeferredCloseThreads -> 0, testConnectionOnCheckin -> false, testConnectionOnCheckout -> false, unreturnedConnectionTimeout -> 0, userOverrides -> {}, usesTraditionalReflectiveProxies -> false ]
[PathWatcher@411e567e] INFO  org.hibernate.dialect.Dialect  - HHH000400: Using dialect: org.hibernate.dialect.Oracle10gDialect
[PathWatcher@411e567e] INFO  org.hibernate.validator.internal.util.Version  - HV000001: Hibernate Validator 5.3.2.Final
[PathWatcher@411e567e] INFO  org.springframework.orm.jpa.LocalContainerEntityManagerFactoryBean  - Initialized JPA EntityManagerFactory for persistence unit 'default'
[PathWatcher@411e567e] INFO  org.springframework.web.servlet.DispatcherServlet  - Completed initialization in 4563 ms
[qtp190967225-40] WARN  org.springframework.web.servlet.PageNotFound  - No mapping for GET /displayAll
[qtp190967225-20] INFO  org.hibernate.hql.internal.QueryTranslatorFactoryInitiator  - HHH000397: Using ASTQueryTranslatorFactory
[PathWatcher@411e567e] INFO  org.springframework.orm.jpa.LocalContainerEntityManagerFactoryBean  - Closing JPA EntityManagerFactory for persistence unit 'default'
[PathWatcher@411e567e] INFO  org.springframework.web.servlet.DispatcherServlet  - Initializing Servlet 'dispatcher'
[PathWatcher@411e567e] INFO  org.springframework.context.support.PostProcessorRegistrationDelegate$BeanPostProcessorChecker  - Bean 'myWebMVCConfig' of type [org.capg.config.MyWebMVCConfig$$EnhancerBySpringCGLIB$$44c2498e] is not eligible for getting processed by all BeanPostProcessors (for example: not eligible for auto-proxying)
[MLog-Init-Reporter] INFO  com.mchange.v2.log.MLog  - MLog clients using slf4j logging.
[PathWatcher@411e567e] INFO  com.mchange.v2.c3p0.C3P0Registry  - Initializing c3p0-0.9.5.2 [built 08-December-2015 22:06:04 -0800; debug? true; trace: 10]
[PathWatcher@411e567e] INFO  org.hibernate.jpa.internal.util.LogHelper  - HHH000204: Processing PersistenceUnitInfo [
	name: default
	...]
[PathWatcher@411e567e] INFO  org.hibernate.Version  - HHH000412: Hibernate Core {5.3.10.Final}
[PathWatcher@411e567e] INFO  org.hibernate.cfg.Environment  - HHH000206: hibernate.properties not found
[PathWatcher@411e567e] INFO  org.hibernate.annotations.common.Version  - HCANN000001: Hibernate Commons Annotations {5.0.4.Final}
[PathWatcher@411e567e] INFO  com.mchange.v2.c3p0.impl.AbstractPoolBackedDataSource  - Initializing c3p0 pool... com.mchange.v2.c3p0.ComboPooledDataSource [ acquireIncrement -> 3, acquireRetryAttempts -> 30, acquireRetryDelay -> 1000, autoCommitOnClose -> false, automaticTestTable -> null, breakAfterAcquireFailure -> false, checkoutTimeout -> 0, connectionCustomizerClassName -> null, connectionTesterClassName -> com.mchange.v2.c3p0.impl.DefaultConnectionTester, contextClassLoaderSource -> caller, dataSourceName -> 1hge9jia9xmef0y1p4b23i|3564d6d3, debugUnreturnedConnectionStackTraces -> false, description -> null, driverClass -> oracle.jdbc.driver.OracleDriver, extensions -> {}, factoryClassLocation -> null, forceIgnoreUnresolvedTransactions -> false, forceSynchronousCheckins -> false, forceUseNamedDriverClass -> false, identityToken -> 1hge9jia9xmef0y1p4b23i|3564d6d3, idleConnectionTestPeriod -> 0, initialPoolSize -> 3, jdbcUrl -> jdbc:oracle:thin:@localhost:1521:xe, maxAdministrativeTaskTime -> 0, maxConnectionAge -> 0, maxIdleTime -> 0, maxIdleTimeExcessConnections -> 0, maxPoolSize -> 15, maxStatements -> 0, maxStatementsPerConnection -> 0, minPoolSize -> 3, numHelperThreads -> 3, preferredTestQuery -> null, privilegeSpawnedThreads -> false, properties -> {password=******, user=******}, propertyCycle -> 0, statementCacheNumDeferredCloseThreads -> 0, testConnectionOnCheckin -> false, testConnectionOnCheckout -> false, unreturnedConnectionTimeout -> 0, userOverrides -> {}, usesTraditionalReflectiveProxies -> false ]
[PathWatcher@411e567e] INFO  org.hibernate.dialect.Dialect  - HHH000400: Using dialect: org.hibernate.dialect.Oracle10gDialect
[PathWatcher@411e567e] INFO  org.hibernate.validator.internal.util.Version  - HV000001: Hibernate Validator 5.3.2.Final
[PathWatcher@411e567e] INFO  org.springframework.orm.jpa.LocalContainerEntityManagerFactoryBean  - Initialized JPA EntityManagerFactory for persistence unit 'default'
[PathWatcher@411e567e] INFO  org.springframework.web.servlet.DispatcherServlet  - Completed initialization in 3660 ms
[qtp190967225-17] INFO  org.hibernate.hql.internal.QueryTranslatorFactoryInitiator  - HHH000397: Using ASTQueryTranslatorFactory
[PathWatcher@411e567e] INFO  org.springframework.orm.jpa.LocalContainerEntityManagerFactoryBean  - Closing JPA EntityManagerFactory for persistence unit 'default'
[PathWatcher@411e567e] INFO  org.springframework.web.servlet.DispatcherServlet  - Initializing Servlet 'dispatcher'
[PathWatcher@411e567e] INFO  org.springframework.context.support.PostProcessorRegistrationDelegate$BeanPostProcessorChecker  - Bean 'myWebMVCConfig' of type [org.capg.config.MyWebMVCConfig$$EnhancerBySpringCGLIB$$791e898b] is not eligible for getting processed by all BeanPostProcessors (for example: not eligible for auto-proxying)
[MLog-Init-Reporter] INFO  com.mchange.v2.log.MLog  - MLog clients using slf4j logging.
[PathWatcher@411e567e] INFO  com.mchange.v2.c3p0.C3P0Registry  - Initializing c3p0-0.9.5.2 [built 08-December-2015 22:06:04 -0800; debug? true; trace: 10]
[PathWatcher@411e567e] INFO  org.hibernate.jpa.internal.util.LogHelper  - HHH000204: Processing PersistenceUnitInfo [
	name: default
	...]
[PathWatcher@411e567e] INFO  org.hibernate.Version  - HHH000412: Hibernate Core {5.3.10.Final}
[PathWatcher@411e567e] INFO  org.hibernate.cfg.Environment  - HHH000206: hibernate.properties not found
[PathWatcher@411e567e] INFO  org.hibernate.annotations.common.Version  - HCANN000001: Hibernate Commons Annotations {5.0.4.Final}
[PathWatcher@411e567e] INFO  com.mchange.v2.c3p0.impl.AbstractPoolBackedDataSource  - Initializing c3p0 pool... com.mchange.v2.c3p0.ComboPooledDataSource [ acquireIncrement -> 3, acquireRetryAttempts -> 30, acquireRetryDelay -> 1000, autoCommitOnClose -> false, automaticTestTable -> null, breakAfterAcquireFailure -> false, checkoutTimeout -> 0, connectionCustomizerClassName -> null, connectionTesterClassName -> com.mchange.v2.c3p0.impl.DefaultConnectionTester, contextClassLoaderSource -> caller, dataSourceName -> 1hge9jia9xmh9bvl1m6si|1aa62098, debugUnreturnedConnectionStackTraces -> false, description -> null, driverClass -> oracle.jdbc.driver.OracleDriver, extensions -> {}, factoryClassLocation -> null, forceIgnoreUnresolvedTransactions -> false, forceSynchronousCheckins -> false, forceUseNamedDriverClass -> false, identityToken -> 1hge9jia9xmh9bvl1m6si|1aa62098, idleConnectionTestPeriod -> 0, initialPoolSize -> 3, jdbcUrl -> jdbc:oracle:thin:@localhost:1521:xe, maxAdministrativeTaskTime -> 0, maxConnectionAge -> 0, maxIdleTime -> 0, maxIdleTimeExcessConnections -> 0, maxPoolSize -> 15, maxStatements -> 0, maxStatementsPerConnection -> 0, minPoolSize -> 3, numHelperThreads -> 3, preferredTestQuery -> null, privilegeSpawnedThreads -> false, properties -> {password=******, user=******}, propertyCycle -> 0, statementCacheNumDeferredCloseThreads -> 0, testConnectionOnCheckin -> false, testConnectionOnCheckout -> false, unreturnedConnectionTimeout -> 0, userOverrides -> {}, usesTraditionalReflectiveProxies -> false ]
[PathWatcher@411e567e] INFO  org.hibernate.dialect.Dialect  - HHH000400: Using dialect: org.hibernate.dialect.Oracle10gDialect
[PathWatcher@411e567e] INFO  org.hibernate.validator.internal.util.Version  - HV000001: Hibernate Validator 5.3.2.Final
[PathWatcher@411e567e] INFO  org.springframework.orm.jpa.LocalContainerEntityManagerFactoryBean  - Initialized JPA EntityManagerFactory for persistence unit 'default'
[PathWatcher@411e567e] INFO  org.springframework.web.servlet.DispatcherServlet  - Completed initialization in 3467 ms
[qtp190967225-40] INFO  org.hibernate.hql.internal.QueryTranslatorFactoryInitiator  - HHH000397: Using ASTQueryTranslatorFactory
[PathWatcher@411e567e] INFO  org.springframework.orm.jpa.LocalContainerEntityManagerFactoryBean  - Closing JPA EntityManagerFactory for persistence unit 'default'
[PathWatcher@411e567e] INFO  org.springframework.web.servlet.DispatcherServlet  - Initializing Servlet 'dispatcher'
[PathWatcher@411e567e] INFO  org.springframework.context.support.PostProcessorRegistrationDelegate$BeanPostProcessorChecker  - Bean 'myWebMVCConfig' of type [org.capg.config.MyWebMVCConfig$$EnhancerBySpringCGLIB$$737d5462] is not eligible for getting processed by all BeanPostProcessors (for example: not eligible for auto-proxying)
[MLog-Init-Reporter] INFO  com.mchange.v2.log.MLog  - MLog clients using slf4j logging.
[PathWatcher@411e567e] INFO  com.mchange.v2.c3p0.C3P0Registry  - Initializing c3p0-0.9.5.2 [built 08-December-2015 22:06:04 -0800; debug? true; trace: 10]
[PathWatcher@411e567e] INFO  org.hibernate.jpa.internal.util.LogHelper  - HHH000204: Processing PersistenceUnitInfo [
	name: default
	...]
[PathWatcher@411e567e] INFO  org.hibernate.Version  - HHH000412: Hibernate Core {5.3.10.Final}
[PathWatcher@411e567e] INFO  org.hibernate.cfg.Environment  - HHH000206: hibernate.properties not found
[PathWatcher@411e567e] INFO  org.hibernate.annotations.common.Version  - HCANN000001: Hibernate Commons Annotations {5.0.4.Final}
[PathWatcher@411e567e] INFO  com.mchange.v2.c3p0.impl.AbstractPoolBackedDataSource  - Initializing c3p0 pool... com.mchange.v2.c3p0.ComboPooledDataSource [ acquireIncrement -> 3, acquireRetryAttempts -> 30, acquireRetryDelay -> 1000, autoCommitOnClose -> false, automaticTestTable -> null, breakAfterAcquireFailure -> false, checkoutTimeout -> 0, connectionCustomizerClassName -> null, connectionTesterClassName -> com.mchange.v2.c3p0.impl.DefaultConnectionTester, contextClassLoaderSource -> caller, dataSourceName -> z8kflta9xqpe9219ur3j4|3f2477e4, debugUnreturnedConnectionStackTraces -> false, description -> null, driverClass -> oracle.jdbc.driver.OracleDriver, extensions -> {}, factoryClassLocation -> null, forceIgnoreUnresolvedTransactions -> false, forceSynchronousCheckins -> false, forceUseNamedDriverClass -> false, identityToken -> z8kflta9xqpe9219ur3j4|3f2477e4, idleConnectionTestPeriod -> 0, initialPoolSize -> 3, jdbcUrl -> jdbc:oracle:thin:@localhost:1521:xe, maxAdministrativeTaskTime -> 0, maxConnectionAge -> 0, maxIdleTime -> 0, maxIdleTimeExcessConnections -> 0, maxPoolSize -> 15, maxStatements -> 0, maxStatementsPerConnection -> 0, minPoolSize -> 3, numHelperThreads -> 3, preferredTestQuery -> null, privilegeSpawnedThreads -> false, properties -> {password=******, user=******}, propertyCycle -> 0, statementCacheNumDeferredCloseThreads -> 0, testConnectionOnCheckin -> false, testConnectionOnCheckout -> false, unreturnedConnectionTimeout -> 0, userOverrides -> {}, usesTraditionalReflectiveProxies -> false ]
[PathWatcher@411e567e] INFO  org.hibernate.dialect.Dialect  - HHH000400: Using dialect: org.hibernate.dialect.Oracle10gDialect
[PathWatcher@411e567e] INFO  org.hibernate.validator.internal.util.Version  - HV000001: Hibernate Validator 5.3.2.Final
[PathWatcher@411e567e] INFO  org.springframework.orm.jpa.LocalContainerEntityManagerFactoryBean  - Initialized JPA EntityManagerFactory for persistence unit 'default'
[PathWatcher@411e567e] INFO  org.springframework.web.servlet.DispatcherServlet  - Completed initialization in 4201 ms
[PathWatcher@411e567e] INFO  org.springframework.orm.jpa.LocalContainerEntityManagerFactoryBean  - Closing JPA EntityManagerFactory for persistence unit 'default'
[PathWatcher@411e567e] INFO  org.springframework.web.servlet.DispatcherServlet  - Initializing Servlet 'dispatcher'
[PathWatcher@411e567e] INFO  org.springframework.context.support.PostProcessorRegistrationDelegate$BeanPostProcessorChecker  - Bean 'myWebMVCConfig' of type [org.capg.config.MyWebMVCConfig$$EnhancerBySpringCGLIB$$699c6818] is not eligible for getting processed by all BeanPostProcessors (for example: not eligible for auto-proxying)
[MLog-Init-Reporter] INFO  com.mchange.v2.log.MLog  - MLog clients using slf4j logging.
[PathWatcher@411e567e] INFO  com.mchange.v2.c3p0.C3P0Registry  - Initializing c3p0-0.9.5.2 [built 08-December-2015 22:06:04 -0800; debug? true; trace: 10]
[PathWatcher@411e567e] INFO  org.hibernate.jpa.internal.util.LogHelper  - HHH000204: Processing PersistenceUnitInfo [
	name: default
	...]
[PathWatcher@411e567e] INFO  org.hibernate.Version  - HHH000412: Hibernate Core {5.3.10.Final}
[PathWatcher@411e567e] INFO  org.hibernate.cfg.Environment  - HHH000206: hibernate.properties not found
[PathWatcher@411e567e] INFO  org.hibernate.annotations.common.Version  - HCANN000001: Hibernate Commons Annotations {5.0.4.Final}
[PathWatcher@411e567e] INFO  com.mchange.v2.c3p0.impl.AbstractPoolBackedDataSource  - Initializing c3p0 pool... com.mchange.v2.c3p0.ComboPooledDataSource [ acquireIncrement -> 3, acquireRetryAttempts -> 30, acquireRetryDelay -> 1000, autoCommitOnClose -> false, automaticTestTable -> null, breakAfterAcquireFailure -> false, checkoutTimeout -> 0, connectionCustomizerClassName -> null, connectionTesterClassName -> com.mchange.v2.c3p0.impl.DefaultConnectionTester, contextClassLoaderSource -> caller, dataSourceName -> z8kflta9xr379q1ik1ov3|358e70b6, debugUnreturnedConnectionStackTraces -> false, description -> null, driverClass -> oracle.jdbc.driver.OracleDriver, extensions -> {}, factoryClassLocation -> null, forceIgnoreUnresolvedTransactions -> false, forceSynchronousCheckins -> false, forceUseNamedDriverClass -> false, identityToken -> z8kflta9xr379q1ik1ov3|358e70b6, idleConnectionTestPeriod -> 0, initialPoolSize -> 3, jdbcUrl -> jdbc:oracle:thin:@localhost:1521:xe, maxAdministrativeTaskTime -> 0, maxConnectionAge -> 0, maxIdleTime -> 0, maxIdleTimeExcessConnections -> 0, maxPoolSize -> 15, maxStatements -> 0, maxStatementsPerConnection -> 0, minPoolSize -> 3, numHelperThreads -> 3, preferredTestQuery -> null, privilegeSpawnedThreads -> false, properties -> {password=******, user=******}, propertyCycle -> 0, statementCacheNumDeferredCloseThreads -> 0, testConnectionOnCheckin -> false, testConnectionOnCheckout -> false, unreturnedConnectionTimeout -> 0, userOverrides -> {}, usesTraditionalReflectiveProxies -> false ]
[PathWatcher@411e567e] INFO  org.hibernate.dialect.Dialect  - HHH000400: Using dialect: org.hibernate.dialect.Oracle10gDialect
[PathWatcher@411e567e] INFO  org.hibernate.validator.internal.util.Version  - HV000001: Hibernate Validator 5.3.2.Final
[PathWatcher@411e567e] INFO  org.springframework.orm.jpa.LocalContainerEntityManagerFactoryBean  - Initialized JPA EntityManagerFactory for persistence unit 'default'
[PathWatcher@411e567e] INFO  org.springframework.web.servlet.DispatcherServlet  - Completed initialization in 4119 ms
[PathWatcher@411e567e] INFO  org.springframework.orm.jpa.LocalContainerEntityManagerFactoryBean  - Closing JPA EntityManagerFactory for persistence unit 'default'
[PathWatcher@411e567e] INFO  org.springframework.web.servlet.DispatcherServlet  - Initializing Servlet 'dispatcher'
[PathWatcher@411e567e] INFO  org.springframework.context.support.PostProcessorRegistrationDelegate$BeanPostProcessorChecker  - Bean 'myWebMVCConfig' of type [org.capg.config.MyWebMVCConfig$$EnhancerBySpringCGLIB$$ff238517] is not eligible for getting processed by all BeanPostProcessors (for example: not eligible for auto-proxying)
[MLog-Init-Reporter] INFO  com.mchange.v2.log.MLog  - MLog clients using slf4j logging.
[PathWatcher@411e567e] INFO  com.mchange.v2.c3p0.C3P0Registry  - Initializing c3p0-0.9.5.2 [built 08-December-2015 22:06:04 -0800; debug? true; trace: 10]
[PathWatcher@411e567e] INFO  org.hibernate.jpa.internal.util.LogHelper  - HHH000204: Processing PersistenceUnitInfo [
	name: default
	...]
[PathWatcher@411e567e] INFO  org.hibernate.Version  - HHH000412: Hibernate Core {5.3.10.Final}
[PathWatcher@411e567e] INFO  org.hibernate.cfg.Environment  - HHH000206: hibernate.properties not found
[PathWatcher@411e567e] INFO  org.hibernate.annotations.common.Version  - HCANN000001: Hibernate Commons Annotations {5.0.4.Final}
[PathWatcher@411e567e] INFO  com.mchange.v2.c3p0.impl.AbstractPoolBackedDataSource  - Initializing c3p0 pool... com.mchange.v2.c3p0.ComboPooledDataSource [ acquireIncrement -> 3, acquireRetryAttempts -> 30, acquireRetryDelay -> 1000, autoCommitOnClose -> false, automaticTestTable -> null, breakAfterAcquireFailure -> false, checkoutTimeout -> 0, connectionCustomizerClassName -> null, connectionTesterClassName -> com.mchange.v2.c3p0.impl.DefaultConnectionTester, contextClassLoaderSource -> caller, dataSourceName -> z8kflta9xr54ew1rxl40z|6a02ef32, debugUnreturnedConnectionStackTraces -> false, description -> null, driverClass -> oracle.jdbc.driver.OracleDriver, extensions -> {}, factoryClassLocation -> null, forceIgnoreUnresolvedTransactions -> false, forceSynchronousCheckins -> false, forceUseNamedDriverClass -> false, identityToken -> z8kflta9xr54ew1rxl40z|6a02ef32, idleConnectionTestPeriod -> 0, initialPoolSize -> 3, jdbcUrl -> jdbc:oracle:thin:@localhost:1521:xe, maxAdministrativeTaskTime -> 0, maxConnectionAge -> 0, maxIdleTime -> 0, maxIdleTimeExcessConnections -> 0, maxPoolSize -> 15, maxStatements -> 0, maxStatementsPerConnection -> 0, minPoolSize -> 3, numHelperThreads -> 3, preferredTestQuery -> null, privilegeSpawnedThreads -> false, properties -> {password=******, user=******}, propertyCycle -> 0, statementCacheNumDeferredCloseThreads -> 0, testConnectionOnCheckin -> false, testConnectionOnCheckout -> false, unreturnedConnectionTimeout -> 0, userOverrides -> {}, usesTraditionalReflectiveProxies -> false ]
[PathWatcher@411e567e] INFO  org.hibernate.dialect.Dialect  - HHH000400: Using dialect: org.hibernate.dialect.Oracle10gDialect
[PathWatcher@411e567e] INFO  org.hibernate.validator.internal.util.Version  - HV000001: Hibernate Validator 5.3.2.Final
[PathWatcher@411e567e] INFO  org.springframework.orm.jpa.LocalContainerEntityManagerFactoryBean  - Initialized JPA EntityManagerFactory for persistence unit 'default'
[PathWatcher@411e567e] INFO  org.springframework.web.servlet.DispatcherServlet  - Completed initialization in 3684 ms
[PathWatcher@411e567e] INFO  org.springframework.orm.jpa.LocalContainerEntityManagerFactoryBean  - Closing JPA EntityManagerFactory for persistence unit 'default'
[PathWatcher@411e567e] INFO  org.springframework.web.servlet.DispatcherServlet  - Initializing Servlet 'dispatcher'
[PathWatcher@411e567e] INFO  org.springframework.context.support.PostProcessorRegistrationDelegate$BeanPostProcessorChecker  - Bean 'myWebMVCConfig' of type [org.capg.config.MyWebMVCConfig$$EnhancerBySpringCGLIB$$599f71ea] is not eligible for getting processed by all BeanPostProcessors (for example: not eligible for auto-proxying)
[MLog-Init-Reporter] INFO  com.mchange.v2.log.MLog  - MLog clients using slf4j logging.
[PathWatcher@411e567e] INFO  com.mchange.v2.c3p0.C3P0Registry  - Initializing c3p0-0.9.5.2 [built 08-December-2015 22:06:04 -0800; debug? true; trace: 10]
[PathWatcher@411e567e] INFO  org.hibernate.jpa.internal.util.LogHelper  - HHH000204: Processing PersistenceUnitInfo [
	name: default
	...]
[PathWatcher@411e567e] INFO  org.hibernate.Version  - HHH000412: Hibernate Core {5.3.10.Final}
[PathWatcher@411e567e] INFO  org.hibernate.cfg.Environment  - HHH000206: hibernate.properties not found
[PathWatcher@411e567e] INFO  org.hibernate.annotations.common.Version  - HCANN000001: Hibernate Commons Annotations {5.0.4.Final}
[PathWatcher@411e567e] INFO  com.mchange.v2.c3p0.impl.AbstractPoolBackedDataSource  - Initializing c3p0 pool... com.mchange.v2.c3p0.ComboPooledDataSource [ acquireIncrement -> 3, acquireRetryAttempts -> 30, acquireRetryDelay -> 1000, autoCommitOnClose -> false, automaticTestTable -> null, breakAfterAcquireFailure -> false, checkoutTimeout -> 0, connectionCustomizerClassName -> null, connectionTesterClassName -> com.mchange.v2.c3p0.impl.DefaultConnectionTester, contextClassLoaderSource -> caller, dataSourceName -> z8kflta9xs5s23oeep2v|6ee0b6a1, debugUnreturnedConnectionStackTraces -> false, description -> null, driverClass -> oracle.jdbc.driver.OracleDriver, extensions -> {}, factoryClassLocation -> null, forceIgnoreUnresolvedTransactions -> false, forceSynchronousCheckins -> false, forceUseNamedDriverClass -> false, identityToken -> z8kflta9xs5s23oeep2v|6ee0b6a1, idleConnectionTestPeriod -> 0, initialPoolSize -> 3, jdbcUrl -> jdbc:oracle:thin:@localhost:1521:xe, maxAdministrativeTaskTime -> 0, maxConnectionAge -> 0, maxIdleTime -> 0, maxIdleTimeExcessConnections -> 0, maxPoolSize -> 15, maxStatements -> 0, maxStatementsPerConnection -> 0, minPoolSize -> 3, numHelperThreads -> 3, preferredTestQuery -> null, privilegeSpawnedThreads -> false, properties -> {password=******, user=******}, propertyCycle -> 0, statementCacheNumDeferredCloseThreads -> 0, testConnectionOnCheckin -> false, testConnectionOnCheckout -> false, unreturnedConnectionTimeout -> 0, userOverrides -> {}, usesTraditionalReflectiveProxies -> false ]
[PathWatcher@411e567e] INFO  org.hibernate.dialect.Dialect  - HHH000400: Using dialect: org.hibernate.dialect.Oracle10gDialect
[PathWatcher@411e567e] INFO  org.hibernate.validator.internal.util.Version  - HV000001: Hibernate Validator 5.3.2.Final
[PathWatcher@411e567e] INFO  org.springframework.orm.jpa.LocalContainerEntityManagerFactoryBean  - Initialized JPA EntityManagerFactory for persistence unit 'default'
[PathWatcher@411e567e] INFO  org.springframework.web.servlet.DispatcherServlet  - Completed initialization in 3633 ms
[PathWatcher@411e567e] INFO  org.springframework.orm.jpa.LocalContainerEntityManagerFactoryBean  - Closing JPA EntityManagerFactory for persistence unit 'default'
[PathWatcher@411e567e] INFO  org.springframework.web.servlet.DispatcherServlet  - Initializing Servlet 'dispatcher'
[PathWatcher@411e567e] INFO  org.springframework.context.support.PostProcessorRegistrationDelegate$BeanPostProcessorChecker  - Bean 'myWebMVCConfig' of type [org.capg.config.MyWebMVCConfig$$EnhancerBySpringCGLIB$$ac2f8bc5] is not eligible for getting processed by all BeanPostProcessors (for example: not eligible for auto-proxying)
[MLog-Init-Reporter] INFO  com.mchange.v2.log.MLog  - MLog clients using slf4j logging.
[PathWatcher@411e567e] INFO  com.mchange.v2.c3p0.C3P0Registry  - Initializing c3p0-0.9.5.2 [built 08-December-2015 22:06:04 -0800; debug? true; trace: 10]
[PathWatcher@411e567e] INFO  org.hibernate.jpa.internal.util.LogHelper  - HHH000204: Processing PersistenceUnitInfo [
	name: default
	...]
[PathWatcher@411e567e] INFO  org.hibernate.Version  - HHH000412: Hibernate Core {5.3.10.Final}
[PathWatcher@411e567e] INFO  org.hibernate.cfg.Environment  - HHH000206: hibernate.properties not found
[PathWatcher@411e567e] INFO  org.hibernate.annotations.common.Version  - HCANN000001: Hibernate Commons Annotations {5.0.4.Final}
[PathWatcher@411e567e] INFO  com.mchange.v2.c3p0.impl.AbstractPoolBackedDataSource  - Initializing c3p0 pool... com.mchange.v2.c3p0.ComboPooledDataSource [ acquireIncrement -> 3, acquireRetryAttempts -> 30, acquireRetryDelay -> 1000, autoCommitOnClose -> false, automaticTestTable -> null, breakAfterAcquireFailure -> false, checkoutTimeout -> 0, connectionCustomizerClassName -> null, connectionTesterClassName -> com.mchange.v2.c3p0.impl.DefaultConnectionTester, contextClassLoaderSource -> caller, dataSourceName -> z8kflta9xs6hhlodgiba|36b83866, debugUnreturnedConnectionStackTraces -> false, description -> null, driverClass -> oracle.jdbc.driver.OracleDriver, extensions -> {}, factoryClassLocation -> null, forceIgnoreUnresolvedTransactions -> false, forceSynchronousCheckins -> false, forceUseNamedDriverClass -> false, identityToken -> z8kflta9xs6hhlodgiba|36b83866, idleConnectionTestPeriod -> 0, initialPoolSize -> 3, jdbcUrl -> jdbc:oracle:thin:@localhost:1521:xe, maxAdministrativeTaskTime -> 0, maxConnectionAge -> 0, maxIdleTime -> 0, maxIdleTimeExcessConnections -> 0, maxPoolSize -> 15, maxStatements -> 0, maxStatementsPerConnection -> 0, minPoolSize -> 3, numHelperThreads -> 3, preferredTestQuery -> null, privilegeSpawnedThreads -> false, properties -> {password=******, user=******}, propertyCycle -> 0, statementCacheNumDeferredCloseThreads -> 0, testConnectionOnCheckin -> false, testConnectionOnCheckout -> false, unreturnedConnectionTimeout -> 0, userOverrides -> {}, usesTraditionalReflectiveProxies -> false ]
[PathWatcher@411e567e] INFO  org.hibernate.dialect.Dialect  - HHH000400: Using dialect: org.hibernate.dialect.Oracle10gDialect
[PathWatcher@411e567e] INFO  org.hibernate.validator.internal.util.Version  - HV000001: Hibernate Validator 5.3.2.Final
[PathWatcher@411e567e] INFO  org.springframework.orm.jpa.LocalContainerEntityManagerFactoryBean  - Initialized JPA EntityManagerFactory for persistence unit 'default'
[PathWatcher@411e567e] INFO  org.springframework.web.servlet.DispatcherServlet  - Completed initialization in 4092 ms
[main] INFO  org.springframework.web.servlet.DispatcherServlet  - Initializing Servlet 'dispatcher'
[main] INFO  org.springframework.context.support.PostProcessorRegistrationDelegate$BeanPostProcessorChecker  - Bean 'myWebMVCConfig' of type [org.capg.config.MyWebMVCConfig$$EnhancerBySpringCGLIB$$e691931d] is not eligible for getting processed by all BeanPostProcessors (for example: not eligible for auto-proxying)
[MLog-Init-Reporter] INFO  com.mchange.v2.log.MLog  - MLog clients using slf4j logging.
[main] INFO  com.mchange.v2.c3p0.C3P0Registry  - Initializing c3p0-0.9.5.2 [built 08-December-2015 22:06:04 -0800; debug? true; trace: 10]
[main] INFO  org.hibernate.jpa.internal.util.LogHelper  - HHH000204: Processing PersistenceUnitInfo [
	name: default
	...]
[main] INFO  org.hibernate.Version  - HHH000412: Hibernate Core {5.3.10.Final}
[main] INFO  org.hibernate.cfg.Environment  - HHH000206: hibernate.properties not found
[main] INFO  org.hibernate.annotations.common.Version  - HCANN000001: Hibernate Commons Annotations {5.0.4.Final}
[main] INFO  com.mchange.v2.c3p0.impl.AbstractPoolBackedDataSource  - Initializing c3p0 pool... com.mchange.v2.c3p0.ComboPooledDataSource [ acquireIncrement -> 3, acquireRetryAttempts -> 30, acquireRetryDelay -> 1000, autoCommitOnClose -> false, automaticTestTable -> null, breakAfterAcquireFailure -> false, checkoutTimeout -> 0, connectionCustomizerClassName -> null, connectionTesterClassName -> com.mchange.v2.c3p0.impl.DefaultConnectionTester, contextClassLoaderSource -> caller, dataSourceName -> 1hge9jia9xsxiyn1oypqyk|3134b261, debugUnreturnedConnectionStackTraces -> false, description -> null, driverClass -> oracle.jdbc.driver.OracleDriver, extensions -> {}, factoryClassLocation -> null, forceIgnoreUnresolvedTransactions -> false, forceSynchronousCheckins -> false, forceUseNamedDriverClass -> false, identityToken -> 1hge9jia9xsxiyn1oypqyk|3134b261, idleConnectionTestPeriod -> 0, initialPoolSize -> 3, jdbcUrl -> jdbc:oracle:thin:@localhost:1521:xe, maxAdministrativeTaskTime -> 0, maxConnectionAge -> 0, maxIdleTime -> 0, maxIdleTimeExcessConnections -> 0, maxPoolSize -> 15, maxStatements -> 0, maxStatementsPerConnection -> 0, minPoolSize -> 3, numHelperThreads -> 3, preferredTestQuery -> null, privilegeSpawnedThreads -> false, properties -> {password=******, user=******}, propertyCycle -> 0, statementCacheNumDeferredCloseThreads -> 0, testConnectionOnCheckin -> false, testConnectionOnCheckout -> false, unreturnedConnectionTimeout -> 0, userOverrides -> {}, usesTraditionalReflectiveProxies -> false ]
[main] INFO  org.hibernate.dialect.Dialect  - HHH000400: Using dialect: org.hibernate.dialect.Oracle10gDialect
[main] INFO  org.hibernate.validator.internal.util.Version  - HV000001: Hibernate Validator 5.3.2.Final
[main] INFO  org.springframework.orm.jpa.LocalContainerEntityManagerFactoryBean  - Initialized JPA EntityManagerFactory for persistence unit 'default'
[main] INFO  org.springframework.web.servlet.DispatcherServlet  - Completed initialization in 5634 ms
[qtp645190902-21] WARN  org.springframework.web.servlet.PageNotFound  - No mapping for GET /customers
[PathWatcher@75452b01] INFO  org.springframework.orm.jpa.LocalContainerEntityManagerFactoryBean  - Closing JPA EntityManagerFactory for persistence unit 'default'
[PathWatcher@75452b01] INFO  org.springframework.web.servlet.DispatcherServlet  - Initializing Servlet 'dispatcher'
[PathWatcher@75452b01] INFO  org.springframework.context.support.PostProcessorRegistrationDelegate$BeanPostProcessorChecker  - Bean 'myWebMVCConfig' of type [org.capg.config.MyWebMVCConfig$$EnhancerBySpringCGLIB$$ef9847b3] is not eligible for getting processed by all BeanPostProcessors (for example: not eligible for auto-proxying)
[MLog-Init-Reporter] INFO  com.mchange.v2.log.MLog  - MLog clients using slf4j logging.
[PathWatcher@75452b01] INFO  com.mchange.v2.c3p0.C3P0Registry  - Initializing c3p0-0.9.5.2 [built 08-December-2015 22:06:04 -0800; debug? true; trace: 10]
[PathWatcher@75452b01] INFO  org.hibernate.jpa.internal.util.LogHelper  - HHH000204: Processing PersistenceUnitInfo [
	name: default
	...]
[PathWatcher@75452b01] INFO  org.hibernate.Version  - HHH000412: Hibernate Core {5.3.10.Final}
[PathWatcher@75452b01] INFO  org.hibernate.cfg.Environment  - HHH000206: hibernate.properties not found
[PathWatcher@75452b01] INFO  org.hibernate.annotations.common.Version  - HCANN000001: Hibernate Commons Annotations {5.0.4.Final}
[PathWatcher@75452b01] INFO  com.mchange.v2.c3p0.impl.AbstractPoolBackedDataSource  - Initializing c3p0 pool... com.mchange.v2.c3p0.ComboPooledDataSource [ acquireIncrement -> 3, acquireRetryAttempts -> 30, acquireRetryDelay -> 1000, autoCommitOnClose -> false, automaticTestTable -> null, breakAfterAcquireFailure -> false, checkoutTimeout -> 0, connectionCustomizerClassName -> null, connectionTesterClassName -> com.mchange.v2.c3p0.impl.DefaultConnectionTester, contextClassLoaderSource -> caller, dataSourceName -> 1hge9jia9xt0kxpmzulp7|e27046e, debugUnreturnedConnectionStackTraces -> false, description -> null, driverClass -> oracle.jdbc.driver.OracleDriver, extensions -> {}, factoryClassLocation -> null, forceIgnoreUnresolvedTransactions -> false, forceSynchronousCheckins -> false, forceUseNamedDriverClass -> false, identityToken -> 1hge9jia9xt0kxpmzulp7|e27046e, idleConnectionTestPeriod -> 0, initialPoolSize -> 3, jdbcUrl -> jdbc:oracle:thin:@localhost:1521:xe, maxAdministrativeTaskTime -> 0, maxConnectionAge -> 0, maxIdleTime -> 0, maxIdleTimeExcessConnections -> 0, maxPoolSize -> 15, maxStatements -> 0, maxStatementsPerConnection -> 0, minPoolSize -> 3, numHelperThreads -> 3, preferredTestQuery -> null, privilegeSpawnedThreads -> false, properties -> {password=******, user=******}, propertyCycle -> 0, statementCacheNumDeferredCloseThreads -> 0, testConnectionOnCheckin -> false, testConnectionOnCheckout -> false, unreturnedConnectionTimeout -> 0, userOverrides -> {}, usesTraditionalReflectiveProxies -> false ]
[PathWatcher@75452b01] INFO  org.hibernate.dialect.Dialect  - HHH000400: Using dialect: org.hibernate.dialect.Oracle10gDialect
[PathWatcher@75452b01] INFO  org.hibernate.validator.internal.util.Version  - HV000001: Hibernate Validator 5.3.2.Final
[PathWatcher@75452b01] INFO  org.springframework.orm.jpa.LocalContainerEntityManagerFactoryBean  - Initialized JPA EntityManagerFactory for persistence unit 'default'
[PathWatcher@75452b01] INFO  org.springframework.web.servlet.DispatcherServlet  - Completed initialization in 4266 ms
[qtp645190902-21] INFO  org.hibernate.hql.internal.QueryTranslatorFactoryInitiator  - HHH000397: Using ASTQueryTranslatorFactory
[qtp645190902-38] WARN  org.springframework.web.servlet.PageNotFound  - No mapping for GET /employees
[qtp645190902-23] WARN  org.springframework.web.servlet.PageNotFound  - No mapping for POST /add
[qtp645190902-17] WARN  org.springframework.web.servlet.PageNotFound  - No mapping for POST /add
[main] INFO  org.springframework.web.servlet.DispatcherServlet  - Initializing Servlet 'dispatcher'
[main] INFO  org.springframework.context.support.PostProcessorRegistrationDelegate$BeanPostProcessorChecker  - Bean 'myWebMVCConfig' of type [org.capg.config.MyWebMVCConfig$$EnhancerBySpringCGLIB$$9b7926c] is not eligible for getting processed by all BeanPostProcessors (for example: not eligible for auto-proxying)
[MLog-Init-Reporter] INFO  com.mchange.v2.log.MLog  - MLog clients using slf4j logging.
[main] INFO  com.mchange.v2.c3p0.C3P0Registry  - Initializing c3p0-0.9.5.2 [built 08-December-2015 22:06:04 -0800; debug? true; trace: 10]
[main] INFO  org.hibernate.jpa.internal.util.LogHelper  - HHH000204: Processing PersistenceUnitInfo [
	name: default
	...]
[main] INFO  org.hibernate.Version  - HHH000412: Hibernate Core {5.3.10.Final}
[main] INFO  org.hibernate.cfg.Environment  - HHH000206: hibernate.properties not found
[main] INFO  org.hibernate.annotations.common.Version  - HCANN000001: Hibernate Commons Annotations {5.0.4.Final}
[main] INFO  com.mchange.v2.c3p0.impl.AbstractPoolBackedDataSource  - Initializing c3p0 pool... com.mchange.v2.c3p0.ComboPooledDataSource [ acquireIncrement -> 3, acquireRetryAttempts -> 30, acquireRetryDelay -> 1000, autoCommitOnClose -> false, automaticTestTable -> null, breakAfterAcquireFailure -> false, checkoutTimeout -> 0, connectionCustomizerClassName -> null, connectionTesterClassName -> com.mchange.v2.c3p0.impl.DefaultConnectionTester, contextClassLoaderSource -> caller, dataSourceName -> 1hge9jia9xu4ny0wck0mw|17f8db6, debugUnreturnedConnectionStackTraces -> false, description -> null, driverClass -> oracle.jdbc.driver.OracleDriver, extensions -> {}, factoryClassLocation -> null, forceIgnoreUnresolvedTransactions -> false, forceSynchronousCheckins -> false, forceUseNamedDriverClass -> false, identityToken -> 1hge9jia9xu4ny0wck0mw|17f8db6, idleConnectionTestPeriod -> 0, initialPoolSize -> 3, jdbcUrl -> jdbc:oracle:thin:@localhost:1521:xe, maxAdministrativeTaskTime -> 0, maxConnectionAge -> 0, maxIdleTime -> 0, maxIdleTimeExcessConnections -> 0, maxPoolSize -> 15, maxStatements -> 0, maxStatementsPerConnection -> 0, minPoolSize -> 3, numHelperThreads -> 3, preferredTestQuery -> null, privilegeSpawnedThreads -> false, properties -> {password=******, user=******}, propertyCycle -> 0, statementCacheNumDeferredCloseThreads -> 0, testConnectionOnCheckin -> false, testConnectionOnCheckout -> false, unreturnedConnectionTimeout -> 0, userOverrides -> {}, usesTraditionalReflectiveProxies -> false ]
[main] INFO  org.hibernate.dialect.Dialect  - HHH000400: Using dialect: org.hibernate.dialect.Oracle10gDialect
[main] INFO  org.hibernate.validator.internal.util.Version  - HV000001: Hibernate Validator 5.3.2.Final
[main] INFO  org.springframework.orm.jpa.LocalContainerEntityManagerFactoryBean  - Initialized JPA EntityManagerFactory for persistence unit 'default'
[main] INFO  org.springframework.web.servlet.DispatcherServlet  - Completed initialization in 6861 ms
[qtp190967225-17] WARN  org.springframework.web.servlet.mvc.support.DefaultHandlerExceptionResolver  - Resolved [org.springframework.web.HttpRequestMethodNotSupportedException: Request method 'POST' not supported]
[qtp190967225-19] INFO  org.hibernate.hql.internal.QueryTranslatorFactoryInitiator  - HHH000397: Using ASTQueryTranslatorFactory
[PathWatcher@64864875] INFO  org.springframework.orm.jpa.LocalContainerEntityManagerFactoryBean  - Closing JPA EntityManagerFactory for persistence unit 'default'
[PathWatcher@64864875] INFO  org.springframework.web.servlet.DispatcherServlet  - Initializing Servlet 'dispatcher'
[PathWatcher@64864875] INFO  org.springframework.context.support.PostProcessorRegistrationDelegate$BeanPostProcessorChecker  - Bean 'myWebMVCConfig' of type [org.capg.config.MyWebMVCConfig$$EnhancerBySpringCGLIB$$46f96e51] is not eligible for getting processed by all BeanPostProcessors (for example: not eligible for auto-proxying)
[MLog-Init-Reporter] INFO  com.mchange.v2.log.MLog  - MLog clients using slf4j logging.
[PathWatcher@64864875] INFO  com.mchange.v2.c3p0.C3P0Registry  - Initializing c3p0-0.9.5.2 [built 08-December-2015 22:06:04 -0800; debug? true; trace: 10]
[PathWatcher@64864875] INFO  org.hibernate.jpa.internal.util.LogHelper  - HHH000204: Processing PersistenceUnitInfo [
	name: default
	...]
[PathWatcher@64864875] INFO  org.hibernate.Version  - HHH000412: Hibernate Core {5.3.10.Final}
[PathWatcher@64864875] INFO  org.hibernate.cfg.Environment  - HHH000206: hibernate.properties not found
[PathWatcher@64864875] INFO  org.hibernate.annotations.common.Version  - HCANN000001: Hibernate Commons Annotations {5.0.4.Final}
[PathWatcher@64864875] INFO  com.mchange.v2.c3p0.impl.AbstractPoolBackedDataSource  - Initializing c3p0 pool... com.mchange.v2.c3p0.ComboPooledDataSource [ acquireIncrement -> 3, acquireRetryAttempts -> 30, acquireRetryDelay -> 1000, autoCommitOnClose -> false, automaticTestTable -> null, breakAfterAcquireFailure -> false, checkoutTimeout -> 0, connectionCustomizerClassName -> null, connectionTesterClassName -> com.mchange.v2.c3p0.impl.DefaultConnectionTester, contextClassLoaderSource -> caller, dataSourceName -> 1hge9jia9xuayn0gcx3f6|d333197, debugUnreturnedConnectionStackTraces -> false, description -> null, driverClass -> oracle.jdbc.driver.OracleDriver, extensions -> {}, factoryClassLocation -> null, forceIgnoreUnresolvedTransactions -> false, forceSynchronousCheckins -> false, forceUseNamedDriverClass -> false, identityToken -> 1hge9jia9xuayn0gcx3f6|d333197, idleConnectionTestPeriod -> 0, initialPoolSize -> 3, jdbcUrl -> jdbc:oracle:thin:@localhost:1521:xe, maxAdministrativeTaskTime -> 0, maxConnectionAge -> 0, maxIdleTime -> 0, maxIdleTimeExcessConnections -> 0, maxPoolSize -> 15, maxStatements -> 0, maxStatementsPerConnection -> 0, minPoolSize -> 3, numHelperThreads -> 3, preferredTestQuery -> null, privilegeSpawnedThreads -> false, properties -> {password=******, user=******}, propertyCycle -> 0, statementCacheNumDeferredCloseThreads -> 0, testConnectionOnCheckin -> false, testConnectionOnCheckout -> false, unreturnedConnectionTimeout -> 0, userOverrides -> {}, usesTraditionalReflectiveProxies -> false ]
[PathWatcher@64864875] INFO  org.hibernate.dialect.Dialect  - HHH000400: Using dialect: org.hibernate.dialect.Oracle10gDialect
[PathWatcher@64864875] INFO  org.hibernate.validator.internal.util.Version  - HV000001: Hibernate Validator 5.3.2.Final
[PathWatcher@64864875] INFO  org.springframework.orm.jpa.LocalContainerEntityManagerFactoryBean  - Initialized JPA EntityManagerFactory for persistence unit 'default'
[PathWatcher@64864875] INFO  org.springframework.web.servlet.DispatcherServlet  - Completed initialization in 4326 ms
[qtp190967225-23] INFO  org.hibernate.hql.internal.QueryTranslatorFactoryInitiator  - HHH000397: Using ASTQueryTranslatorFactory
